{
  "/Users/kapil/Dimple/my-sql-app/src/components/PredefinedQueries/index.tsx": {
    "path": "/Users/kapil/Dimple/my-sql-app/src/components/PredefinedQueries/index.tsx",
    "all": false,
    "statementMap": {
      "1": { "start": { "line": 2, "column": 0 }, "end": { "line": 2, "column": 33 } },
      "7": { "start": { "line": 8, "column": 0 }, "end": { "line": 8, "column": 79 } },
      "8": { "start": { "line": 9, "column": 0 }, "end": { "line": 9, "column": 12 } },
      "9": { "start": { "line": 10, "column": 0 }, "end": { "line": 10, "column": 48 } },
      "10": { "start": { "line": 11, "column": 0 }, "end": { "line": 11, "column": 39 } },
      "11": { "start": { "line": 12, "column": 0 }, "end": { "line": 12, "column": 43 } },
      "12": { "start": { "line": 13, "column": 0 }, "end": { "line": 13, "column": 95 } },
      "13": { "start": { "line": 14, "column": 0 }, "end": { "line": 14, "column": 127 } },
      "14": { "start": { "line": 15, "column": 0 }, "end": { "line": 15, "column": 128 } },
      "15": { "start": { "line": 16, "column": 0 }, "end": { "line": 16, "column": 102 } },
      "16": { "start": { "line": 17, "column": 0 }, "end": { "line": 17, "column": 18 } },
      "17": { "start": { "line": 18, "column": 0 }, "end": { "line": 18, "column": 18 } },
      "19": { "start": { "line": 20, "column": 0 }, "end": { "line": 20, "column": 2 } },
      "21": { "start": { "line": 22, "column": 0 }, "end": { "line": 22, "column": 33 } }
    },
    "s": {
      "1": 1,
      "7": 1,
      "8": 7,
      "9": 7,
      "10": 7,
      "11": 7,
      "12": 7,
      "13": 7,
      "14": 7,
      "15": 7,
      "16": 7,
      "17": 7,
      "19": 7,
      "21": 1
    },
    "branchMap": {
      "0": {
        "type": "branch",
        "line": 8,
        "loc": { "start": { "line": 8, "column": 60 }, "end": { "line": 20, "column": 2 } },
        "locations": [{ "start": { "line": 8, "column": 60 }, "end": { "line": 20, "column": 2 } }]
      },
      "1": {
        "type": "branch",
        "line": 13,
        "loc": { "start": { "line": 13, "column": 33 }, "end": { "line": 13, "column": 62 } },
        "locations": [
          { "start": { "line": 13, "column": 33 }, "end": { "line": 13, "column": 62 } }
        ]
      },
      "2": {
        "type": "branch",
        "line": 14,
        "loc": { "start": { "line": 14, "column": 33 }, "end": { "line": 14, "column": 61 } },
        "locations": [
          { "start": { "line": 14, "column": 33 }, "end": { "line": 14, "column": 61 } }
        ]
      },
      "3": {
        "type": "branch",
        "line": 15,
        "loc": { "start": { "line": 15, "column": 33 }, "end": { "line": 15, "column": 59 } },
        "locations": [
          { "start": { "line": 15, "column": 33 }, "end": { "line": 15, "column": 59 } }
        ]
      },
      "4": {
        "type": "branch",
        "line": 16,
        "loc": { "start": { "line": 16, "column": 33 }, "end": { "line": 16, "column": 62 } },
        "locations": [
          { "start": { "line": 16, "column": 33 }, "end": { "line": 16, "column": 62 } }
        ]
      }
    },
    "b": { "0": [7], "1": [1], "2": [1], "3": [1], "4": [1] },
    "fnMap": {
      "0": {
        "name": "PredefinedQueries",
        "decl": { "start": { "line": 8, "column": 60 }, "end": { "line": 20, "column": 2 } },
        "loc": { "start": { "line": 8, "column": 60 }, "end": { "line": 20, "column": 2 } },
        "line": 8
      },
      "1": {
        "name": "onClick",
        "decl": { "start": { "line": 13, "column": 33 }, "end": { "line": 13, "column": 62 } },
        "loc": { "start": { "line": 13, "column": 33 }, "end": { "line": 13, "column": 62 } },
        "line": 13
      },
      "2": {
        "name": "onClick",
        "decl": { "start": { "line": 14, "column": 33 }, "end": { "line": 14, "column": 61 } },
        "loc": { "start": { "line": 14, "column": 33 }, "end": { "line": 14, "column": 61 } },
        "line": 14
      },
      "3": {
        "name": "onClick",
        "decl": { "start": { "line": 15, "column": 33 }, "end": { "line": 15, "column": 59 } },
        "loc": { "start": { "line": 15, "column": 33 }, "end": { "line": 15, "column": 59 } },
        "line": 15
      },
      "4": {
        "name": "onClick",
        "decl": { "start": { "line": 16, "column": 33 }, "end": { "line": 16, "column": 62 } },
        "loc": { "start": { "line": 16, "column": 33 }, "end": { "line": 16, "column": 62 } },
        "line": 16
      }
    },
    "f": { "0": 7, "1": 1, "2": 1, "3": 1, "4": 1 }
  },
  "/Users/kapil/Dimple/my-sql-app/src/components/QueryHistory/index.tsx": {
    "path": "/Users/kapil/Dimple/my-sql-app/src/components/QueryHistory/index.tsx",
    "all": false,
    "statementMap": {
      "2": { "start": { "line": 3, "column": 0 }, "end": { "line": 3, "column": 62 } },
      "9": { "start": { "line": 10, "column": 0 }, "end": { "line": 10, "column": 78 } },
      "10": { "start": { "line": 11, "column": 0 }, "end": { "line": 11, "column": 12 } },
      "11": { "start": { "line": 12, "column": 0 }, "end": { "line": 12, "column": 51 } },
      "12": { "start": { "line": 13, "column": 0 }, "end": { "line": 13, "column": 34 } },
      "13": { "start": { "line": 14, "column": 0 }, "end": { "line": 14, "column": 37 } },
      "14": { "start": { "line": 15, "column": 0 }, "end": { "line": 15, "column": 73 } },
      "16": { "start": { "line": 17, "column": 0 }, "end": { "line": 17, "column": 45 } },
      "17": { "start": { "line": 18, "column": 0 }, "end": { "line": 18, "column": 42 } },
      "18": { "start": { "line": 19, "column": 0 }, "end": { "line": 19, "column": 67 } },
      "19": { "start": { "line": 20, "column": 0 }, "end": { "line": 20, "column": 108 } },
      "20": { "start": { "line": 21, "column": 0 }, "end": { "line": 21, "column": 80 } },
      "21": { "start": { "line": 22, "column": 0 }, "end": { "line": 22, "column": 89 } },
      "22": { "start": { "line": 23, "column": 0 }, "end": { "line": 23, "column": 37 } },
      "23": { "start": { "line": 24, "column": 0 }, "end": { "line": 24, "column": 29 } },
      "24": { "start": { "line": 25, "column": 0 }, "end": { "line": 25, "column": 23 } },
      "25": { "start": { "line": 26, "column": 0 }, "end": { "line": 26, "column": 21 } },
      "27": { "start": { "line": 28, "column": 0 }, "end": { "line": 28, "column": 18 } },
      "29": { "start": { "line": 30, "column": 0 }, "end": { "line": 30, "column": 2 } },
      "31": { "start": { "line": 32, "column": 0 }, "end": { "line": 32, "column": 28 } }
    },
    "s": {
      "2": 1,
      "9": 1,
      "10": 6,
      "11": 6,
      "12": 6,
      "13": 6,
      "14": 2,
      "16": 4,
      "17": 4,
      "18": 12,
      "19": 12,
      "20": 12,
      "21": 12,
      "22": 12,
      "23": 12,
      "24": 4,
      "25": 4,
      "27": 6,
      "29": 6,
      "31": 1
    },
    "branchMap": {
      "0": {
        "type": "branch",
        "line": 10,
        "loc": { "start": { "line": 10, "column": 50 }, "end": { "line": 30, "column": 2 } },
        "locations": [{ "start": { "line": 10, "column": 50 }, "end": { "line": 30, "column": 2 } }]
      },
      "1": {
        "type": "branch",
        "line": 14,
        "loc": { "start": { "line": 14, "column": 32 }, "end": { "line": 15, "column": 73 } },
        "locations": [
          { "start": { "line": 14, "column": 32 }, "end": { "line": 15, "column": 73 } }
        ]
      },
      "2": {
        "type": "branch",
        "line": 15,
        "loc": { "start": { "line": 15, "column": 69 }, "end": { "line": 26, "column": 21 } },
        "locations": [
          { "start": { "line": 15, "column": 69 }, "end": { "line": 26, "column": 21 } }
        ]
      },
      "3": {
        "type": "branch",
        "line": 18,
        "loc": { "start": { "line": 18, "column": 33 }, "end": { "line": 24, "column": 29 } },
        "locations": [
          { "start": { "line": 18, "column": 33 }, "end": { "line": 24, "column": 29 } }
        ]
      },
      "4": {
        "type": "branch",
        "line": 20,
        "loc": { "start": { "line": 20, "column": 45 }, "end": { "line": 20, "column": 73 } },
        "locations": [
          { "start": { "line": 20, "column": 45 }, "end": { "line": 20, "column": 73 } }
        ]
      }
    },
    "b": { "0": [6], "1": [2], "2": [4], "3": [12], "4": [2] },
    "fnMap": {
      "0": {
        "name": "QueryHistory",
        "decl": { "start": { "line": 10, "column": 50 }, "end": { "line": 30, "column": 2 } },
        "loc": { "start": { "line": 10, "column": 50 }, "end": { "line": 30, "column": 2 } },
        "line": 10
      },
      "1": {
        "name": "onClick",
        "decl": { "start": { "line": 20, "column": 45 }, "end": { "line": 20, "column": 73 } },
        "loc": { "start": { "line": 20, "column": 45 }, "end": { "line": 20, "column": 73 } },
        "line": 20
      }
    },
    "f": { "0": 6, "1": 2 }
  },
  "/Users/kapil/Dimple/my-sql-app/src/components/QueryInputSection/index.tsx": {
    "path": "/Users/kapil/Dimple/my-sql-app/src/components/QueryInputSection/index.tsx",
    "all": false,
    "statementMap": {
      "1": { "start": { "line": 2, "column": 0 }, "end": { "line": 2, "column": 33 } },
      "12": { "start": { "line": 13, "column": 0 }, "end": { "line": 13, "column": 137 } },
      "14": { "start": { "line": 15, "column": 0 }, "end": { "line": 15, "column": 12 } },
      "15": { "start": { "line": 16, "column": 0 }, "end": { "line": 16, "column": 49 } },
      "16": { "start": { "line": 17, "column": 0 }, "end": { "line": 17, "column": 41 } },
      "17": { "start": { "line": 18, "column": 0 }, "end": { "line": 18, "column": 21 } },
      "18": { "start": { "line": 19, "column": 0 }, "end": { "line": 19, "column": 34 } },
      "19": { "start": { "line": 20, "column": 0 }, "end": { "line": 20, "column": 25 } },
      "20": { "start": { "line": 21, "column": 0 }, "end": { "line": 21, "column": 60 } },
      "21": { "start": { "line": 22, "column": 0 }, "end": { "line": 22, "column": 32 } },
      "22": { "start": { "line": 23, "column": 0 }, "end": { "line": 23, "column": 63 } },
      "23": { "start": { "line": 24, "column": 0 }, "end": { "line": 24, "column": 36 } },
      "24": { "start": { "line": 25, "column": 0 }, "end": { "line": 25, "column": 31 } },
      "25": { "start": { "line": 26, "column": 0 }, "end": { "line": 26, "column": 24 } },
      "26": { "start": { "line": 27, "column": 0 }, "end": { "line": 27, "column": 44 } },
      "27": { "start": { "line": 28, "column": 0 }, "end": { "line": 28, "column": 33 } },
      "28": { "start": { "line": 29, "column": 0 }, "end": { "line": 29, "column": 47 } },
      "29": { "start": { "line": 30, "column": 0 }, "end": { "line": 30, "column": 45 } },
      "30": { "start": { "line": 31, "column": 0 }, "end": { "line": 31, "column": 40 } },
      "31": { "start": { "line": 32, "column": 0 }, "end": { "line": 32, "column": 39 } },
      "32": { "start": { "line": 33, "column": 0 }, "end": { "line": 33, "column": 40 } },
      "33": { "start": { "line": 34, "column": 0 }, "end": { "line": 34, "column": 44 } },
      "34": { "start": { "line": 35, "column": 0 }, "end": { "line": 35, "column": 34 } },
      "35": { "start": { "line": 36, "column": 0 }, "end": { "line": 36, "column": 36 } },
      "36": { "start": { "line": 37, "column": 0 }, "end": { "line": 37, "column": 38 } },
      "37": { "start": { "line": 38, "column": 0 }, "end": { "line": 38, "column": 18 } },
      "38": { "start": { "line": 39, "column": 0 }, "end": { "line": 39, "column": 24 } },
      "39": { "start": { "line": 40, "column": 0 }, "end": { "line": 40, "column": 37 } },
      "40": { "start": { "line": 41, "column": 0 }, "end": { "line": 41, "column": 83 } },
      "41": { "start": { "line": 42, "column": 0 }, "end": { "line": 42, "column": 60 } },
      "42": { "start": { "line": 43, "column": 0 }, "end": { "line": 43, "column": 25 } },
      "43": { "start": { "line": 44, "column": 0 }, "end": { "line": 44, "column": 77 } },
      "45": { "start": { "line": 46, "column": 0 }, "end": { "line": 46, "column": 25 } },
      "46": { "start": { "line": 47, "column": 0 }, "end": { "line": 47, "column": 18 } },
      "47": { "start": { "line": 48, "column": 0 }, "end": { "line": 48, "column": 18 } },
      "49": { "start": { "line": 50, "column": 0 }, "end": { "line": 50, "column": 2 } },
      "51": { "start": { "line": 52, "column": 0 }, "end": { "line": 52, "column": 33 } }
    },
    "s": {
      "1": 1,
      "12": 1,
      "14": 8,
      "15": 8,
      "16": 8,
      "17": 8,
      "18": 8,
      "19": 8,
      "20": 8,
      "21": 8,
      "22": 8,
      "23": 8,
      "24": 8,
      "25": 8,
      "26": 8,
      "27": 8,
      "28": 8,
      "29": 8,
      "30": 8,
      "31": 8,
      "32": 8,
      "33": 8,
      "34": 8,
      "35": 8,
      "36": 8,
      "37": 8,
      "38": 8,
      "39": 8,
      "40": 8,
      "41": 8,
      "42": 8,
      "43": 8,
      "45": 8,
      "46": 8,
      "47": 8,
      "49": 8,
      "51": 1
    },
    "branchMap": {
      "0": {
        "type": "branch",
        "line": 13,
        "loc": { "start": { "line": 13, "column": 60 }, "end": { "line": 50, "column": 2 } },
        "locations": [{ "start": { "line": 13, "column": 60 }, "end": { "line": 50, "column": 2 } }]
      },
      "1": {
        "type": "branch",
        "line": 42,
        "loc": { "start": { "line": 42, "column": 21 }, "end": { "line": 42, "column": 48 } },
        "locations": [
          { "start": { "line": 42, "column": 21 }, "end": { "line": 42, "column": 48 } }
        ]
      },
      "2": {
        "type": "branch",
        "line": 42,
        "loc": { "start": { "line": 42, "column": 33 }, "end": { "line": 42, "column": 60 } },
        "locations": [
          { "start": { "line": 42, "column": 33 }, "end": { "line": 42, "column": 60 } }
        ]
      },
      "3": {
        "type": "branch",
        "line": 23,
        "loc": { "start": { "line": 23, "column": 26 }, "end": { "line": 23, "column": 63 } },
        "locations": [
          { "start": { "line": 23, "column": 26 }, "end": { "line": 23, "column": 63 } }
        ]
      }
    },
    "b": { "0": [8], "1": [2], "2": [6], "3": [1] },
    "fnMap": {
      "0": {
        "name": "QueryInputSection",
        "decl": { "start": { "line": 13, "column": 60 }, "end": { "line": 50, "column": 2 } },
        "loc": { "start": { "line": 13, "column": 60 }, "end": { "line": 50, "column": 2 } },
        "line": 13
      },
      "1": {
        "name": "onChange",
        "decl": { "start": { "line": 23, "column": 26 }, "end": { "line": 23, "column": 63 } },
        "loc": { "start": { "line": 23, "column": 26 }, "end": { "line": 23, "column": 63 } },
        "line": 23
      }
    },
    "f": { "0": 8, "1": 1 }
  },
  "/Users/kapil/Dimple/my-sql-app/src/components/QueryResult/index.tsx": {
    "path": "/Users/kapil/Dimple/my-sql-app/src/components/QueryResult/index.tsx",
    "all": false,
    "statementMap": {
      "1": { "start": { "line": 2, "column": 0 }, "end": { "line": 2, "column": 45 } },
      "3": { "start": { "line": 4, "column": 0 }, "end": { "line": 4, "column": 27 } },
      "10": { "start": { "line": 11, "column": 0 }, "end": { "line": 11, "column": 76 } },
      "11": { "start": { "line": 12, "column": 0 }, "end": { "line": 12, "column": 40 } },
      "13": { "start": { "line": 14, "column": 0 }, "end": { "line": 14, "column": 20 } },
      "14": { "start": { "line": 15, "column": 0 }, "end": { "line": 15, "column": 19 } },
      "15": { "start": { "line": 16, "column": 0 }, "end": { "line": 16, "column": 50 } },
      "16": { "start": { "line": 17, "column": 0 }, "end": { "line": 17, "column": 77 } },
      "17": { "start": { "line": 18, "column": 0 }, "end": { "line": 18, "column": 47 } },
      "18": { "start": { "line": 19, "column": 0 }, "end": { "line": 19, "column": 18 } },
      "20": { "start": { "line": 21, "column": 0 }, "end": { "line": 21, "column": 33 } },
      "21": { "start": { "line": 22, "column": 0 }, "end": { "line": 22, "column": 19 } },
      "22": { "start": { "line": 23, "column": 0 }, "end": { "line": 23, "column": 47 } },
      "23": { "start": { "line": 24, "column": 0 }, "end": { "line": 24, "column": 61 } },
      "24": { "start": { "line": 25, "column": 0 }, "end": { "line": 25, "column": 18 } },
      "26": { "start": { "line": 27, "column": 0 }, "end": { "line": 27, "column": 43 } },
      "27": { "start": { "line": 28, "column": 0 }, "end": { "line": 28, "column": 19 } },
      "28": { "start": { "line": 29, "column": 0 }, "end": { "line": 29, "column": 74 } },
      "29": { "start": { "line": 30, "column": 0 }, "end": { "line": 30, "column": 91 } },
      "30": { "start": { "line": 31, "column": 0 }, "end": { "line": 31, "column": 18 } },
      "32": { "start": { "line": 33, "column": 0 }, "end": { "line": 33, "column": 47 } },
      "33": { "start": { "line": 34, "column": 0 }, "end": { "line": 34, "column": 59 } },
      "34": { "start": { "line": 35, "column": 0 }, "end": { "line": 35, "column": 29 } },
      "36": { "start": { "line": 37, "column": 0 }, "end": { "line": 37, "column": 26 } },
      "37": { "start": { "line": 38, "column": 0 }, "end": { "line": 38, "column": 36 } },
      "38": { "start": { "line": 39, "column": 0 }, "end": { "line": 39, "column": 30 } },
      "39": { "start": { "line": 40, "column": 0 }, "end": { "line": 40, "column": 39 } },
      "40": { "start": { "line": 41, "column": 0 }, "end": { "line": 41, "column": 10 } },
      "42": { "start": { "line": 43, "column": 0 }, "end": { "line": 43, "column": 19 } },
      "43": { "start": { "line": 44, "column": 0 }, "end": { "line": 44, "column": 51 } },
      "44": { "start": { "line": 45, "column": 0 }, "end": { "line": 45, "column": 50 } },
      "45": { "start": { "line": 46, "column": 0 }, "end": { "line": 46, "column": 60 } },
      "46": { "start": { "line": 47, "column": 0 }, "end": { "line": 47, "column": 110 } },
      "47": { "start": { "line": 48, "column": 0 }, "end": { "line": 48, "column": 36 } },
      "48": { "start": { "line": 49, "column": 0 }, "end": { "line": 49, "column": 30 } },
      "49": { "start": { "line": 50, "column": 0 }, "end": { "line": 50, "column": 23 } },
      "50": { "start": { "line": 51, "column": 0 }, "end": { "line": 51, "column": 22 } },
      "51": { "start": { "line": 52, "column": 0 }, "end": { "line": 52, "column": 43 } },
      "52": { "start": { "line": 53, "column": 0 }, "end": { "line": 53, "column": 34 } },
      "53": { "start": { "line": 54, "column": 0 }, "end": { "line": 54, "column": 36 } },
      "54": { "start": { "line": 55, "column": 0 }, "end": { "line": 55, "column": 54 } },
      "55": { "start": { "line": 56, "column": 0 }, "end": { "line": 56, "column": 44 } },
      "56": { "start": { "line": 57, "column": 0 }, "end": { "line": 57, "column": 36 } },
      "57": { "start": { "line": 58, "column": 0 }, "end": { "line": 58, "column": 43 } },
      "59": { "start": { "line": 60, "column": 0 }, "end": { "line": 60, "column": 48 } },
      "60": { "start": { "line": 61, "column": 0 }, "end": { "line": 61, "column": 69 } },
      "61": { "start": { "line": 62, "column": 0 }, "end": { "line": 62, "column": 72 } },
      "62": { "start": { "line": 63, "column": 0 }, "end": { "line": 63, "column": 130 } },
      "63": { "start": { "line": 64, "column": 0 }, "end": { "line": 64, "column": 72 } },
      "64": { "start": { "line": 65, "column": 0 }, "end": { "line": 65, "column": 42 } },
      "65": { "start": { "line": 66, "column": 0 }, "end": { "line": 66, "column": 35 } },
      "66": { "start": { "line": 67, "column": 0 }, "end": { "line": 67, "column": 34 } },
      "68": { "start": { "line": 69, "column": 0 }, "end": { "line": 69, "column": 36 } },
      "70": { "start": { "line": 71, "column": 0 }, "end": { "line": 71, "column": 66 } },
      "71": { "start": { "line": 72, "column": 0 }, "end": { "line": 72, "column": 69 } },
      "72": { "start": { "line": 73, "column": 0 }, "end": { "line": 73, "column": 26 } },
      "74": { "start": { "line": 75, "column": 0 }, "end": { "line": 75, "column": 18 } },
      "76": { "start": { "line": 77, "column": 0 }, "end": { "line": 77, "column": 63 } },
      "77": { "start": { "line": 78, "column": 0 }, "end": { "line": 78, "column": 19 } },
      "78": { "start": { "line": 79, "column": 0 }, "end": { "line": 79, "column": 50 } },
      "79": { "start": { "line": 80, "column": 0 }, "end": { "line": 80, "column": 45 } },
      "80": { "start": { "line": 81, "column": 0 }, "end": { "line": 81, "column": 18 } },
      "82": { "start": { "line": 83, "column": 0 }, "end": { "line": 83, "column": 5 } },
      "85": { "start": { "line": 86, "column": 0 }, "end": { "line": 86, "column": 12 } },
      "86": { "start": { "line": 87, "column": 0 }, "end": { "line": 87, "column": 50 } },
      "87": { "start": { "line": 88, "column": 0 }, "end": { "line": 88, "column": 34 } },
      "88": { "start": { "line": 89, "column": 0 }, "end": { "line": 89, "column": 21 } },
      "89": { "start": { "line": 90, "column": 0 }, "end": { "line": 90, "column": 18 } },
      "91": { "start": { "line": 92, "column": 0 }, "end": { "line": 92, "column": 2 } },
      "93": { "start": { "line": 94, "column": 0 }, "end": { "line": 94, "column": 27 } }
    },
    "s": {
      "1": 1,
      "3": 1,
      "10": 1,
      "11": 8,
      "13": 8,
      "14": 1,
      "15": 1,
      "16": 1,
      "17": 1,
      "18": 1,
      "20": 8,
      "21": 2,
      "22": 2,
      "23": 2,
      "24": 2,
      "26": 7,
      "27": 2,
      "28": 2,
      "29": 2,
      "30": 2,
      "32": 5,
      "33": 2,
      "34": 2,
      "36": 2,
      "37": 2,
      "38": 2,
      "39": 2,
      "40": 2,
      "42": 2,
      "43": 2,
      "44": 2,
      "45": 2,
      "46": 5,
      "47": 5,
      "48": 5,
      "49": 2,
      "50": 2,
      "51": 2,
      "52": 1,
      "53": 1,
      "54": 1,
      "55": 1,
      "56": 1,
      "57": 1,
      "59": 1,
      "60": 3,
      "61": 3,
      "62": 9,
      "63": 9,
      "64": 9,
      "65": 3,
      "66": 3,
      "68": 1,
      "70": 1,
      "71": 1,
      "72": 1,
      "74": 2,
      "76": 3,
      "77": 1,
      "78": 1,
      "79": 1,
      "80": 1,
      "82": 1,
      "85": 8,
      "86": 8,
      "87": 8,
      "88": 8,
      "89": 8,
      "91": 8,
      "93": 1
    },
    "branchMap": {
      "0": {
        "type": "branch",
        "line": 11,
        "loc": { "start": { "line": 11, "column": 48 }, "end": { "line": 92, "column": 2 } },
        "locations": [{ "start": { "line": 11, "column": 48 }, "end": { "line": 92, "column": 2 } }]
      },
      "1": {
        "type": "branch",
        "line": 14,
        "loc": { "start": { "line": 14, "column": 19 }, "end": { "line": 21, "column": 15 } },
        "locations": [
          { "start": { "line": 14, "column": 19 }, "end": { "line": 21, "column": 15 } }
        ]
      },
      "2": {
        "type": "branch",
        "line": 21,
        "loc": { "start": { "line": 21, "column": 4 }, "end": { "line": 83, "column": 5 } },
        "locations": [{ "start": { "line": 21, "column": 4 }, "end": { "line": 83, "column": 5 } }]
      },
      "3": {
        "type": "branch",
        "line": 21,
        "loc": { "start": { "line": 21, "column": 32 }, "end": { "line": 27, "column": 15 } },
        "locations": [
          { "start": { "line": 21, "column": 32 }, "end": { "line": 27, "column": 15 } }
        ]
      },
      "4": {
        "type": "branch",
        "line": 27,
        "loc": { "start": { "line": 27, "column": 4 }, "end": { "line": 83, "column": 5 } },
        "locations": [{ "start": { "line": 27, "column": 4 }, "end": { "line": 83, "column": 5 } }]
      },
      "5": {
        "type": "branch",
        "line": 27,
        "loc": { "start": { "line": 27, "column": 42 }, "end": { "line": 33, "column": 15 } },
        "locations": [
          { "start": { "line": 27, "column": 42 }, "end": { "line": 33, "column": 15 } }
        ]
      },
      "6": {
        "type": "branch",
        "line": 30,
        "loc": { "start": { "line": 30, "column": 48 }, "end": { "line": 30, "column": 91 } },
        "locations": [
          { "start": { "line": 30, "column": 48 }, "end": { "line": 30, "column": 91 } }
        ]
      },
      "7": {
        "type": "branch",
        "line": 33,
        "loc": { "start": { "line": 33, "column": 4 }, "end": { "line": 83, "column": 5 } },
        "locations": [{ "start": { "line": 33, "column": 4 }, "end": { "line": 83, "column": 5 } }]
      },
      "8": {
        "type": "branch",
        "line": 33,
        "loc": { "start": { "line": 33, "column": 22 }, "end": { "line": 33, "column": 46 } },
        "locations": [
          { "start": { "line": 33, "column": 22 }, "end": { "line": 33, "column": 46 } }
        ]
      },
      "9": {
        "type": "branch",
        "line": 33,
        "loc": { "start": { "line": 33, "column": 46 }, "end": { "line": 77, "column": 15 } },
        "locations": [
          { "start": { "line": 33, "column": 46 }, "end": { "line": 77, "column": 15 } }
        ]
      },
      "10": {
        "type": "branch",
        "line": 52,
        "loc": { "start": { "line": 52, "column": 38 }, "end": { "line": 69, "column": 36 } },
        "locations": [
          { "start": { "line": 52, "column": 38 }, "end": { "line": 69, "column": 36 } }
        ]
      },
      "11": {
        "type": "branch",
        "line": 69,
        "loc": { "start": { "line": 69, "column": 20 }, "end": { "line": 73, "column": 26 } },
        "locations": [
          { "start": { "line": 69, "column": 20 }, "end": { "line": 73, "column": 26 } }
        ]
      },
      "12": {
        "type": "branch",
        "line": 77,
        "loc": { "start": { "line": 77, "column": 4 }, "end": { "line": 83, "column": 5 } },
        "locations": [{ "start": { "line": 77, "column": 4 }, "end": { "line": 83, "column": 5 } }]
      },
      "13": {
        "type": "branch",
        "line": 34,
        "loc": { "start": { "line": 34, "column": 48 }, "end": { "line": 34, "column": 57 } },
        "locations": [
          { "start": { "line": 34, "column": 48 }, "end": { "line": 34, "column": 57 } }
        ]
      },
      "14": {
        "type": "branch",
        "line": 46,
        "loc": { "start": { "line": 46, "column": 40 }, "end": { "line": 49, "column": 30 } },
        "locations": [
          { "start": { "line": 46, "column": 40 }, "end": { "line": 49, "column": 30 } }
        ]
      },
      "15": {
        "type": "branch",
        "line": 60,
        "loc": { "start": { "line": 60, "column": 25 }, "end": { "line": 67, "column": 34 } },
        "locations": [
          { "start": { "line": 60, "column": 25 }, "end": { "line": 67, "column": 34 } }
        ]
      },
      "16": {
        "type": "branch",
        "line": 62,
        "loc": { "start": { "line": 62, "column": 54 }, "end": { "line": 65, "column": 42 } },
        "locations": [
          { "start": { "line": 62, "column": 54 }, "end": { "line": 65, "column": 42 } }
        ]
      }
    },
    "b": {
      "0": [8],
      "1": [1],
      "2": [7],
      "3": [2],
      "4": [5],
      "5": [2],
      "6": [1],
      "7": [3],
      "8": [2],
      "9": [2],
      "10": [1],
      "11": [1],
      "12": [1],
      "13": [5],
      "14": [5],
      "15": [3],
      "16": [9]
    },
    "fnMap": {
      "0": {
        "name": "QueryResult",
        "decl": { "start": { "line": 11, "column": 48 }, "end": { "line": 92, "column": 2 } },
        "loc": { "start": { "line": 11, "column": 48 }, "end": { "line": 92, "column": 2 } },
        "line": 11
      },
      "1": {
        "name": "children",
        "decl": { "start": { "line": 60, "column": 25 }, "end": { "line": 67, "column": 34 } },
        "loc": { "start": { "line": 60, "column": 25 }, "end": { "line": 67, "column": 34 } },
        "line": 60
      }
    },
    "f": { "0": 8, "1": 3 }
  },
  "/Users/kapil/Dimple/my-sql-app/src/components/SavedQueries/index.tsx": {
    "path": "/Users/kapil/Dimple/my-sql-app/src/components/SavedQueries/index.tsx",
    "all": false,
    "statementMap": {
      "0": { "start": { "line": 1, "column": 0 }, "end": { "line": 1, "column": 40 } },
      "2": { "start": { "line": 3, "column": 0 }, "end": { "line": 3, "column": 28 } },
      "12": { "start": { "line": 13, "column": 0 }, "end": { "line": 13, "column": 113 } },
      "13": { "start": { "line": 14, "column": 0 }, "end": { "line": 14, "column": 59 } },
      "14": { "start": { "line": 15, "column": 0 }, "end": { "line": 15, "column": 109 } },
      "16": { "start": { "line": 17, "column": 0 }, "end": { "line": 17, "column": 35 } },
      "17": { "start": { "line": 18, "column": 0 }, "end": { "line": 18, "column": 55 } },
      "18": { "start": { "line": 19, "column": 0 }, "end": { "line": 19, "column": 93 } },
      "19": { "start": { "line": 20, "column": 0 }, "end": { "line": 20, "column": 29 } },
      "20": { "start": { "line": 21, "column": 0 }, "end": { "line": 21, "column": 29 } },
      "21": { "start": { "line": 22, "column": 0 }, "end": { "line": 22, "column": 9 } },
      "22": { "start": { "line": 23, "column": 0 }, "end": { "line": 23, "column": 53 } },
      "23": { "start": { "line": 24, "column": 0 }, "end": { "line": 24, "column": 6 } },
      "25": { "start": { "line": 26, "column": 0 }, "end": { "line": 26, "column": 12 } },
      "26": { "start": { "line": 27, "column": 0 }, "end": { "line": 27, "column": 51 } },
      "27": { "start": { "line": 28, "column": 0 }, "end": { "line": 28, "column": 34 } },
      "29": { "start": { "line": 30, "column": 0 }, "end": { "line": 30, "column": 46 } },
      "30": { "start": { "line": 31, "column": 0 }, "end": { "line": 31, "column": 22 } },
      "31": { "start": { "line": 32, "column": 0 }, "end": { "line": 32, "column": 31 } },
      "32": { "start": { "line": 33, "column": 0 }, "end": { "line": 33, "column": 66 } },
      "33": { "start": { "line": 34, "column": 0 }, "end": { "line": 34, "column": 37 } },
      "34": { "start": { "line": 35, "column": 0 }, "end": { "line": 35, "column": 66 } },
      "35": { "start": { "line": 36, "column": 0 }, "end": { "line": 36, "column": 41 } },
      "36": { "start": { "line": 37, "column": 0 }, "end": { "line": 37, "column": 48 } },
      "37": { "start": { "line": 38, "column": 0 }, "end": { "line": 38, "column": 46 } },
      "38": { "start": { "line": 39, "column": 0 }, "end": { "line": 39, "column": 25 } },
      "39": { "start": { "line": 40, "column": 0 }, "end": { "line": 40, "column": 22 } },
      "40": { "start": { "line": 41, "column": 0 }, "end": { "line": 41, "column": 18 } },
      "41": { "start": { "line": 42, "column": 0 }, "end": { "line": 42, "column": 103 } },
      "43": { "start": { "line": 44, "column": 0 }, "end": { "line": 44, "column": 25 } },
      "44": { "start": { "line": 45, "column": 0 }, "end": { "line": 45, "column": 18 } },
      "45": { "start": { "line": 46, "column": 0 }, "end": { "line": 46, "column": 29 } },
      "46": { "start": { "line": 47, "column": 0 }, "end": { "line": 47, "column": 66 } },
      "47": { "start": { "line": 48, "column": 0 }, "end": { "line": 48, "column": 38 } },
      "48": { "start": { "line": 49, "column": 0 }, "end": { "line": 49, "column": 20 } },
      "51": { "start": { "line": 52, "column": 0 }, "end": { "line": 52, "column": 42 } },
      "52": { "start": { "line": 53, "column": 0 }, "end": { "line": 53, "column": 81 } },
      "54": { "start": { "line": 55, "column": 0 }, "end": { "line": 55, "column": 51 } },
      "55": { "start": { "line": 56, "column": 0 }, "end": { "line": 56, "column": 47 } },
      "56": { "start": { "line": 57, "column": 0 }, "end": { "line": 57, "column": 71 } },
      "57": { "start": { "line": 58, "column": 0 }, "end": { "line": 58, "column": 59 } },
      "58": { "start": { "line": 59, "column": 0 }, "end": { "line": 59, "column": 79 } },
      "59": { "start": { "line": 60, "column": 0 }, "end": { "line": 60, "column": 89 } },
      "60": { "start": { "line": 61, "column": 0 }, "end": { "line": 61, "column": 81 } },
      "61": { "start": { "line": 62, "column": 0 }, "end": { "line": 62, "column": 34 } },
      "62": { "start": { "line": 63, "column": 0 }, "end": { "line": 63, "column": 59 } },
      "63": { "start": { "line": 64, "column": 0 }, "end": { "line": 64, "column": 112 } },
      "65": { "start": { "line": 66, "column": 0 }, "end": { "line": 66, "column": 41 } },
      "66": { "start": { "line": 67, "column": 0 }, "end": { "line": 67, "column": 118 } },
      "68": { "start": { "line": 69, "column": 0 }, "end": { "line": 69, "column": 41 } },
      "69": { "start": { "line": 70, "column": 0 }, "end": { "line": 70, "column": 34 } },
      "70": { "start": { "line": 71, "column": 0 }, "end": { "line": 71, "column": 29 } },
      "71": { "start": { "line": 72, "column": 0 }, "end": { "line": 72, "column": 23 } },
      "72": { "start": { "line": 73, "column": 0 }, "end": { "line": 73, "column": 21 } },
      "74": { "start": { "line": 75, "column": 0 }, "end": { "line": 75, "column": 18 } },
      "76": { "start": { "line": 77, "column": 0 }, "end": { "line": 77, "column": 2 } },
      "78": { "start": { "line": 79, "column": 0 }, "end": { "line": 79, "column": 28 } }
    },
    "s": {
      "0": 1,
      "2": 1,
      "12": 1,
      "13": 15,
      "14": 15,
      "16": 15,
      "17": 1,
      "18": 1,
      "19": 1,
      "20": 1,
      "21": 1,
      "22": 1,
      "23": 1,
      "25": 15,
      "26": 15,
      "27": 15,
      "29": 15,
      "30": 15,
      "31": 15,
      "32": 15,
      "33": 15,
      "34": 15,
      "35": 15,
      "36": 1,
      "37": 1,
      "38": 1,
      "39": 1,
      "40": 15,
      "41": 15,
      "43": 15,
      "44": 15,
      "45": 15,
      "46": 1,
      "47": 1,
      "48": 1,
      "51": 15,
      "52": 14,
      "54": 1,
      "55": 1,
      "56": 2,
      "57": 2,
      "58": 2,
      "59": 2,
      "60": 2,
      "61": 2,
      "62": 2,
      "63": 2,
      "65": 2,
      "66": 2,
      "68": 2,
      "69": 2,
      "70": 2,
      "71": 1,
      "72": 1,
      "74": 15,
      "76": 15,
      "78": 1
    },
    "branchMap": {
      "0": {
        "type": "branch",
        "line": 13,
        "loc": { "start": { "line": 13, "column": 50 }, "end": { "line": 77, "column": 2 } },
        "locations": [{ "start": { "line": 13, "column": 50 }, "end": { "line": 77, "column": 2 } }]
      },
      "1": {
        "type": "branch",
        "line": 42,
        "loc": { "start": { "line": 42, "column": 79 }, "end": { "line": 42, "column": 103 } },
        "locations": [
          { "start": { "line": 42, "column": 79 }, "end": { "line": 42, "column": 103 } }
        ]
      },
      "2": {
        "type": "branch",
        "line": 46,
        "loc": { "start": { "line": 46, "column": 13 }, "end": { "line": 49, "column": 20 } },
        "locations": [
          { "start": { "line": 46, "column": 13 }, "end": { "line": 49, "column": 20 } }
        ]
      },
      "3": {
        "type": "branch",
        "line": 52,
        "loc": { "start": { "line": 52, "column": 37 }, "end": { "line": 53, "column": 81 } },
        "locations": [
          { "start": { "line": 52, "column": 37 }, "end": { "line": 53, "column": 81 } }
        ]
      },
      "4": {
        "type": "branch",
        "line": 53,
        "loc": { "start": { "line": 53, "column": 77 }, "end": { "line": 73, "column": 21 } },
        "locations": [
          { "start": { "line": 53, "column": 77 }, "end": { "line": 73, "column": 21 } }
        ]
      },
      "5": {
        "type": "branch",
        "line": 17,
        "loc": { "start": { "line": 17, "column": 28 }, "end": { "line": 24, "column": 6 } },
        "locations": [{ "start": { "line": 17, "column": 28 }, "end": { "line": 24, "column": 6 } }]
      },
      "6": {
        "type": "branch",
        "line": 19,
        "loc": { "start": { "line": 19, "column": 48 }, "end": { "line": 19, "column": 69 } },
        "locations": [
          { "start": { "line": 19, "column": 48 }, "end": { "line": 19, "column": 69 } }
        ]
      },
      "7": {
        "type": "branch",
        "line": 35,
        "loc": { "start": { "line": 35, "column": 30 }, "end": { "line": 35, "column": 66 } },
        "locations": [
          { "start": { "line": 35, "column": 30 }, "end": { "line": 35, "column": 66 } }
        ]
      },
      "8": {
        "type": "branch",
        "line": 36,
        "loc": { "start": { "line": 36, "column": 32 }, "end": { "line": 40, "column": 22 } },
        "locations": [
          { "start": { "line": 36, "column": 32 }, "end": { "line": 40, "column": 22 } }
        ]
      },
      "9": {
        "type": "branch",
        "line": 56,
        "loc": { "start": { "line": 56, "column": 38 }, "end": { "line": 71, "column": 29 } },
        "locations": [
          { "start": { "line": 56, "column": 38 }, "end": { "line": 71, "column": 29 } }
        ]
      }
    },
    "b": {
      "0": [15],
      "1": [8],
      "2": [1],
      "3": [14],
      "4": [1],
      "5": [1],
      "6": [0],
      "7": [4],
      "8": [1],
      "9": [2]
    },
    "fnMap": {
      "0": {
        "name": "SavedQueries",
        "decl": { "start": { "line": 13, "column": 50 }, "end": { "line": 77, "column": 2 } },
        "loc": { "start": { "line": 13, "column": 50 }, "end": { "line": 77, "column": 2 } },
        "line": 13
      },
      "1": {
        "name": "handleSaveClick",
        "decl": { "start": { "line": 17, "column": 28 }, "end": { "line": 24, "column": 6 } },
        "loc": { "start": { "line": 17, "column": 28 }, "end": { "line": 24, "column": 6 } },
        "line": 17
      },
      "2": {
        "name": "onChange",
        "decl": { "start": { "line": 35, "column": 30 }, "end": { "line": 35, "column": 66 } },
        "loc": { "start": { "line": 35, "column": 30 }, "end": { "line": 35, "column": 66 } },
        "line": 35
      },
      "3": {
        "name": "onKeyPress",
        "decl": { "start": { "line": 36, "column": 32 }, "end": { "line": 40, "column": 22 } },
        "loc": { "start": { "line": 36, "column": 32 }, "end": { "line": 40, "column": 22 } },
        "line": 36
      },
      "4": {
        "name": "onClick",
        "decl": { "start": { "line": 64, "column": 70 }, "end": { "line": 64, "column": 93 } },
        "loc": { "start": { "line": 64, "column": 70 }, "end": { "line": 64, "column": 93 } },
        "line": 64
      },
      "5": {
        "name": "onClick",
        "decl": { "start": { "line": 67, "column": 72 }, "end": { "line": 67, "column": 97 } },
        "loc": { "start": { "line": 67, "column": 72 }, "end": { "line": 67, "column": 97 } },
        "line": 67
      }
    },
    "f": { "0": 15, "1": 1, "2": 4, "3": 1, "4": 0, "5": 0 }
  },
  "/Users/kapil/Dimple/my-sql-app/src/components/SchemaViewer/index.tsx": {
    "path": "/Users/kapil/Dimple/my-sql-app/src/components/SchemaViewer/index.tsx",
    "all": false,
    "statementMap": {
      "0": { "start": { "line": 1, "column": 0 }, "end": { "line": 1, "column": 40 } },
      "2": { "start": { "line": 3, "column": 0 }, "end": { "line": 3, "column": 28 } },
      "9": { "start": { "line": 10, "column": 0 }, "end": { "line": 10, "column": 77 } },
      "10": { "start": { "line": 11, "column": 0 }, "end": { "line": 11, "column": 81 } },
      "12": { "start": { "line": 13, "column": 0 }, "end": { "line": 13, "column": 57 } },
      "13": { "start": { "line": 14, "column": 0 }, "end": { "line": 14, "column": 35 } },
      "14": { "start": { "line": 15, "column": 0 }, "end": { "line": 15, "column": 41 } },
      "15": { "start": { "line": 16, "column": 0 }, "end": { "line": 16, "column": 40 } },
      "16": { "start": { "line": 17, "column": 0 }, "end": { "line": 17, "column": 41 } },
      "17": { "start": { "line": 18, "column": 0 }, "end": { "line": 18, "column": 20 } },
      "18": { "start": { "line": 19, "column": 0 }, "end": { "line": 19, "column": 38 } },
      "19": { "start": { "line": 20, "column": 0 }, "end": { "line": 20, "column": 13 } },
      "20": { "start": { "line": 21, "column": 0 }, "end": { "line": 21, "column": 26 } },
      "21": { "start": { "line": 22, "column": 0 }, "end": { "line": 22, "column": 11 } },
      "22": { "start": { "line": 23, "column": 0 }, "end": { "line": 23, "column": 6 } },
      "24": { "start": { "line": 25, "column": 0 }, "end": { "line": 25, "column": 12 } },
      "25": { "start": { "line": 26, "column": 0 }, "end": { "line": 26, "column": 51 } },
      "26": { "start": { "line": 27, "column": 0 }, "end": { "line": 27, "column": 34 } },
      "27": { "start": { "line": 28, "column": 0 }, "end": { "line": 28, "column": 41 } },
      "28": { "start": { "line": 29, "column": 0 }, "end": { "line": 29, "column": 40 } },
      "29": { "start": { "line": 30, "column": 0 }, "end": { "line": 30, "column": 75 } },
      "31": { "start": { "line": 32, "column": 0 }, "end": { "line": 32, "column": 24 } },
      "32": { "start": { "line": 33, "column": 0 }, "end": { "line": 33, "column": 46 } },
      "33": { "start": { "line": 34, "column": 0 }, "end": { "line": 34, "column": 79 } },
      "34": { "start": { "line": 35, "column": 0 }, "end": { "line": 35, "column": 39 } },
      "35": { "start": { "line": 36, "column": 0 }, "end": { "line": 36, "column": 65 } },
      "36": { "start": { "line": 37, "column": 0 }, "end": { "line": 37, "column": 84 } },
      "37": { "start": { "line": 38, "column": 0 }, "end": { "line": 38, "column": 133 } },
      "39": { "start": { "line": 40, "column": 0 }, "end": { "line": 40, "column": 66 } },
      "40": { "start": { "line": 41, "column": 0 }, "end": { "line": 41, "column": 84 } },
      "41": { "start": { "line": 42, "column": 0 }, "end": { "line": 42, "column": 43 } },
      "42": { "start": { "line": 43, "column": 0 }, "end": { "line": 43, "column": 59 } },
      "43": { "start": { "line": 44, "column": 0 }, "end": { "line": 44, "column": 106 } },
      "44": { "start": { "line": 45, "column": 0 }, "end": { "line": 45, "column": 61 } },
      "45": { "start": { "line": 46, "column": 0 }, "end": { "line": 46, "column": 67 } },
      "46": { "start": { "line": 47, "column": 0 }, "end": { "line": 47, "column": 52 } },
      "47": { "start": { "line": 48, "column": 0 }, "end": { "line": 48, "column": 43 } },
      "48": { "start": { "line": 49, "column": 0 }, "end": { "line": 49, "column": 41 } },
      "49": { "start": { "line": 50, "column": 0 }, "end": { "line": 50, "column": 68 } },
      "50": { "start": { "line": 51, "column": 0 }, "end": { "line": 51, "column": 72 } },
      "51": { "start": { "line": 52, "column": 0 }, "end": { "line": 52, "column": 70 } },
      "52": { "start": { "line": 53, "column": 0 }, "end": { "line": 53, "column": 97 } },
      "53": { "start": { "line": 54, "column": 0 }, "end": { "line": 54, "column": 55 } },
      "54": { "start": { "line": 55, "column": 0 }, "end": { "line": 55, "column": 89 } },
      "55": { "start": { "line": 56, "column": 0 }, "end": { "line": 56, "column": 96 } },
      "57": { "start": { "line": 58, "column": 0 }, "end": { "line": 58, "column": 102 } },
      "58": { "start": { "line": 59, "column": 0 }, "end": { "line": 59, "column": 104 } },
      "59": { "start": { "line": 60, "column": 0 }, "end": { "line": 60, "column": 57 } },
      "60": { "start": { "line": 61, "column": 0 }, "end": { "line": 61, "column": 49 } },
      "61": { "start": { "line": 62, "column": 0 }, "end": { "line": 62, "column": 43 } },
      "62": { "start": { "line": 63, "column": 0 }, "end": { "line": 63, "column": 41 } },
      "64": { "start": { "line": 65, "column": 0 }, "end": { "line": 65, "column": 33 } },
      "65": { "start": { "line": 66, "column": 0 }, "end": { "line": 66, "column": 27 } },
      "66": { "start": { "line": 67, "column": 0 }, "end": { "line": 67, "column": 25 } },
      "68": { "start": { "line": 69, "column": 0 }, "end": { "line": 69, "column": 18 } },
      "69": { "start": { "line": 70, "column": 0 }, "end": { "line": 70, "column": 18 } },
      "71": { "start": { "line": 72, "column": 0 }, "end": { "line": 72, "column": 2 } },
      "73": { "start": { "line": 74, "column": 0 }, "end": { "line": 74, "column": 28 } }
    },
    "s": {
      "0": 1,
      "2": 1,
      "9": 1,
      "10": 20,
      "12": 20,
      "13": 10,
      "14": 10,
      "15": 10,
      "16": 3,
      "17": 10,
      "18": 7,
      "19": 7,
      "20": 10,
      "21": 10,
      "22": 10,
      "24": 20,
      "25": 20,
      "26": 20,
      "27": 20,
      "28": 20,
      "29": 2,
      "31": 18,
      "32": 18,
      "33": 54,
      "34": 54,
      "35": 54,
      "36": 54,
      "37": 54,
      "39": 54,
      "40": 54,
      "41": 54,
      "42": 54,
      "43": 1,
      "44": 1,
      "45": 54,
      "46": 54,
      "47": 54,
      "48": 54,
      "49": 54,
      "50": 9,
      "51": 9,
      "52": 24,
      "53": 24,
      "54": 24,
      "55": 24,
      "57": 24,
      "58": 24,
      "59": 24,
      "60": 24,
      "61": 9,
      "62": 9,
      "64": 54,
      "65": 18,
      "66": 18,
      "68": 20,
      "69": 20,
      "71": 20,
      "73": 1
    },
    "branchMap": {
      "0": {
        "type": "branch",
        "line": 10,
        "loc": { "start": { "line": 10, "column": 50 }, "end": { "line": 72, "column": 2 } },
        "locations": [{ "start": { "line": 10, "column": 50 }, "end": { "line": 72, "column": 2 } }]
      },
      "1": {
        "type": "branch",
        "line": 29,
        "loc": { "start": { "line": 29, "column": 35 }, "end": { "line": 30, "column": 75 } },
        "locations": [
          { "start": { "line": 29, "column": 35 }, "end": { "line": 30, "column": 75 } }
        ]
      },
      "2": {
        "type": "branch",
        "line": 30,
        "loc": { "start": { "line": 30, "column": 71 }, "end": { "line": 67, "column": 25 } },
        "locations": [
          { "start": { "line": 30, "column": 71 }, "end": { "line": 67, "column": 25 } }
        ]
      },
      "3": {
        "type": "branch",
        "line": 13,
        "loc": { "start": { "line": 13, "column": 33 }, "end": { "line": 23, "column": 6 } },
        "locations": [{ "start": { "line": 13, "column": 33 }, "end": { "line": 23, "column": 6 } }]
      },
      "4": {
        "type": "branch",
        "line": 14,
        "loc": { "start": { "line": 14, "column": 26 }, "end": { "line": 22, "column": 9 } },
        "locations": [{ "start": { "line": 14, "column": 26 }, "end": { "line": 22, "column": 9 } }]
      },
      "5": {
        "type": "branch",
        "line": 16,
        "loc": { "start": { "line": 16, "column": 39 }, "end": { "line": 18, "column": 19 } },
        "locations": [
          { "start": { "line": 16, "column": 39 }, "end": { "line": 18, "column": 19 } }
        ]
      },
      "6": {
        "type": "branch",
        "line": 18,
        "loc": { "start": { "line": 18, "column": 12 }, "end": { "line": 20, "column": 13 } },
        "locations": [
          { "start": { "line": 18, "column": 12 }, "end": { "line": 20, "column": 13 } }
        ]
      },
      "7": {
        "type": "branch",
        "line": 33,
        "loc": { "start": { "line": 33, "column": 36 }, "end": { "line": 65, "column": 33 } },
        "locations": [
          { "start": { "line": 33, "column": 36 }, "end": { "line": 65, "column": 33 } }
        ]
      },
      "8": {
        "type": "branch",
        "line": 38,
        "loc": { "start": { "line": 38, "column": 84 }, "end": { "line": 38, "column": 101 } },
        "locations": [
          { "start": { "line": 38, "column": 84 }, "end": { "line": 38, "column": 101 } }
        ]
      },
      "9": {
        "type": "branch",
        "line": 38,
        "loc": { "start": { "line": 38, "column": 88 }, "end": { "line": 38, "column": 109 } },
        "locations": [
          { "start": { "line": 38, "column": 88 }, "end": { "line": 38, "column": 109 } }
        ]
      },
      "10": {
        "type": "branch",
        "line": 41,
        "loc": { "start": { "line": 41, "column": 70 }, "end": { "line": 41, "column": 80 } },
        "locations": [
          { "start": { "line": 41, "column": 70 }, "end": { "line": 41, "column": 80 } }
        ]
      },
      "11": {
        "type": "branch",
        "line": 41,
        "loc": { "start": { "line": 41, "column": 74 }, "end": { "line": 41, "column": 84 } },
        "locations": [
          { "start": { "line": 41, "column": 74 }, "end": { "line": 41, "column": 84 } }
        ]
      },
      "12": {
        "type": "branch",
        "line": 50,
        "loc": { "start": { "line": 50, "column": 62 }, "end": { "line": 63, "column": 41 } },
        "locations": [
          { "start": { "line": 50, "column": 62 }, "end": { "line": 63, "column": 41 } }
        ]
      },
      "13": {
        "type": "branch",
        "line": 37,
        "loc": { "start": { "line": 37, "column": 45 }, "end": { "line": 37, "column": 84 } },
        "locations": [
          { "start": { "line": 37, "column": 45 }, "end": { "line": 37, "column": 84 } }
        ]
      },
      "14": {
        "type": "branch",
        "line": 43,
        "loc": { "start": { "line": 43, "column": 51 }, "end": { "line": 46, "column": 39 } },
        "locations": [
          { "start": { "line": 43, "column": 51 }, "end": { "line": 46, "column": 39 } }
        ]
      },
      "15": {
        "type": "branch",
        "line": 52,
        "loc": { "start": { "line": 52, "column": 59 }, "end": { "line": 61, "column": 49 } },
        "locations": [
          { "start": { "line": 52, "column": 59 }, "end": { "line": 61, "column": 49 } }
        ]
      },
      "16": {
        "type": "branch",
        "line": 55,
        "loc": { "start": { "line": 55, "column": 61 }, "end": { "line": 55, "column": 89 } },
        "locations": [
          { "start": { "line": 55, "column": 61 }, "end": { "line": 55, "column": 89 } }
        ]
      }
    },
    "b": {
      "0": [20],
      "1": [2],
      "2": [18],
      "3": [10],
      "4": [10],
      "5": [3],
      "6": [7],
      "7": [54],
      "8": [9],
      "9": [45],
      "10": [9],
      "11": [45],
      "12": [9],
      "13": [10],
      "14": [1],
      "15": [24],
      "16": [1]
    },
    "fnMap": {
      "0": {
        "name": "SchemaViewer",
        "decl": { "start": { "line": 10, "column": 50 }, "end": { "line": 72, "column": 2 } },
        "loc": { "start": { "line": 10, "column": 50 }, "end": { "line": 72, "column": 2 } },
        "line": 10
      },
      "1": {
        "name": "toggleTableExpansion",
        "decl": { "start": { "line": 13, "column": 33 }, "end": { "line": 23, "column": 6 } },
        "loc": { "start": { "line": 13, "column": 33 }, "end": { "line": 23, "column": 6 } },
        "line": 13
      },
      "2": {
        "name": "onClick",
        "decl": { "start": { "line": 37, "column": 45 }, "end": { "line": 37, "column": 84 } },
        "loc": { "start": { "line": 37, "column": 45 }, "end": { "line": 37, "column": 84 } },
        "line": 37
      },
      "3": {
        "name": "onClick",
        "decl": { "start": { "line": 43, "column": 51 }, "end": { "line": 46, "column": 39 } },
        "loc": { "start": { "line": 43, "column": 51 }, "end": { "line": 46, "column": 39 } },
        "line": 43
      },
      "4": {
        "name": "onClick",
        "decl": { "start": { "line": 55, "column": 61 }, "end": { "line": 55, "column": 89 } },
        "loc": { "start": { "line": 55, "column": 61 }, "end": { "line": 55, "column": 89 } },
        "line": 55
      }
    },
    "f": { "0": 20, "1": 10, "2": 10, "3": 1, "4": 1 }
  },
  "/Users/kapil/Dimple/my-sql-app/src/hooks/useQueryManager.ts": {
    "path": "/Users/kapil/Dimple/my-sql-app/src/hooks/useQueryManager.ts",
    "all": false,
    "statementMap": {
      "0": { "start": { "line": 1, "column": 0 }, "end": { "line": 1, "column": 67 } },
      "8": { "start": { "line": 9, "column": 0 }, "end": { "line": 9, "column": 8 } },
      "11": { "start": { "line": 12, "column": 0 }, "end": { "line": 12, "column": 62 } },
      "12": { "start": { "line": 13, "column": 0 }, "end": { "line": 13, "column": 102 } },
      "33": { "start": { "line": 34, "column": 0 }, "end": { "line": 34, "column": 61 } },
      "34": { "start": { "line": 35, "column": 0 }, "end": { "line": 35, "column": 94 } },
      "37": { "start": { "line": 38, "column": 0 }, "end": { "line": 38, "column": 63 } },
      "39": { "start": { "line": 40, "column": 0 }, "end": { "line": 40, "column": 21 } },
      "41": { "start": { "line": 42, "column": 0 }, "end": { "line": 42, "column": 110 } },
      "42": { "start": { "line": 43, "column": 0 }, "end": { "line": 43, "column": 17 } },
      "43": { "start": { "line": 44, "column": 0 }, "end": { "line": 44, "column": 92 } },
      "44": { "start": { "line": 45, "column": 0 }, "end": { "line": 45, "column": 29 } },
      "45": { "start": { "line": 46, "column": 0 }, "end": { "line": 46, "column": 86 } },
      "46": { "start": { "line": 47, "column": 0 }, "end": { "line": 47, "column": 13 } },
      "47": { "start": { "line": 48, "column": 0 }, "end": { "line": 48, "column": 9 } },
      "48": { "start": { "line": 49, "column": 0 }, "end": { "line": 49, "column": 29 } },
      "50": { "start": { "line": 51, "column": 0 }, "end": { "line": 51, "column": 21 } },
      "52": { "start": { "line": 53, "column": 0 }, "end": { "line": 53, "column": 110 } },
      "53": { "start": { "line": 54, "column": 0 }, "end": { "line": 54, "column": 17 } },
      "54": { "start": { "line": 55, "column": 0 }, "end": { "line": 55, "column": 92 } },
      "55": { "start": { "line": 56, "column": 0 }, "end": { "line": 56, "column": 29 } },
      "56": { "start": { "line": 57, "column": 0 }, "end": { "line": 57, "column": 86 } },
      "57": { "start": { "line": 58, "column": 0 }, "end": { "line": 58, "column": 13 } },
      "58": { "start": { "line": 59, "column": 0 }, "end": { "line": 59, "column": 9 } },
      "59": { "start": { "line": 60, "column": 0 }, "end": { "line": 60, "column": 29 } },
      "62": { "start": { "line": 63, "column": 0 }, "end": { "line": 63, "column": 56 } },
      "63": { "start": { "line": 64, "column": 0 }, "end": { "line": 64, "column": 62 } },
      "64": { "start": { "line": 65, "column": 0 }, "end": { "line": 65, "column": 11 } },
      "66": { "start": { "line": 67, "column": 0 }, "end": { "line": 67, "column": 62 } },
      "67": { "start": { "line": 68, "column": 0 }, "end": { "line": 68, "column": 42 } },
      "68": { "start": { "line": 69, "column": 0 }, "end": { "line": 69, "column": 34 } },
      "70": { "start": { "line": 71, "column": 0 }, "end": { "line": 71, "column": 18 } },
      "71": { "start": { "line": 72, "column": 0 }, "end": { "line": 72, "column": 37 } },
      "72": { "start": { "line": 73, "column": 0 }, "end": { "line": 73, "column": 22 } },
      "73": { "start": { "line": 74, "column": 0 }, "end": { "line": 74, "column": 42 } },
      "74": { "start": { "line": 75, "column": 0 }, "end": { "line": 75, "column": 36 } },
      "75": { "start": { "line": 76, "column": 0 }, "end": { "line": 76, "column": 54 } },
      "76": { "start": { "line": 77, "column": 0 }, "end": { "line": 77, "column": 13 } },
      "77": { "start": { "line": 78, "column": 0 }, "end": { "line": 78, "column": 11 } },
      "78": { "start": { "line": 79, "column": 0 }, "end": { "line": 79, "column": 11 } },
      "81": { "start": { "line": 82, "column": 0 }, "end": { "line": 82, "column": 110 } },
      "82": { "start": { "line": 83, "column": 0 }, "end": { "line": 83, "column": 57 } },
      "83": { "start": { "line": 84, "column": 0 }, "end": { "line": 84, "column": 110 } },
      "85": { "start": { "line": 86, "column": 0 }, "end": { "line": 86, "column": 26 } },
      "86": { "start": { "line": 87, "column": 0 }, "end": { "line": 87, "column": 60 } },
      "87": { "start": { "line": 88, "column": 0 }, "end": { "line": 88, "column": 62 } },
      "88": { "start": { "line": 89, "column": 0 }, "end": { "line": 89, "column": 70 } },
      "89": { "start": { "line": 90, "column": 0 }, "end": { "line": 90, "column": 69 } },
      "90": { "start": { "line": 91, "column": 0 }, "end": { "line": 91, "column": 52 } },
      "91": { "start": { "line": 92, "column": 0 }, "end": { "line": 92, "column": 20 } },
      "92": { "start": { "line": 93, "column": 0 }, "end": { "line": 93, "column": 108 } },
      "93": { "start": { "line": 94, "column": 0 }, "end": { "line": 94, "column": 13 } },
      "94": { "start": { "line": 95, "column": 0 }, "end": { "line": 95, "column": 73 } },
      "95": { "start": { "line": 96, "column": 0 }, "end": { "line": 96, "column": 37 } },
      "96": { "start": { "line": 97, "column": 0 }, "end": { "line": 97, "column": 16 } },
      "97": { "start": { "line": 98, "column": 0 }, "end": { "line": 98, "column": 28 } },
      "100": { "start": { "line": 101, "column": 0 }, "end": { "line": 101, "column": 46 } },
      "101": { "start": { "line": 102, "column": 0 }, "end": { "line": 102, "column": 44 } },
      "102": { "start": { "line": 103, "column": 0 }, "end": { "line": 103, "column": 27 } },
      "103": { "start": { "line": 104, "column": 0 }, "end": { "line": 104, "column": 120 } },
      "104": { "start": { "line": 105, "column": 0 }, "end": { "line": 105, "column": 19 } },
      "105": { "start": { "line": 106, "column": 0 }, "end": { "line": 106, "column": 9 } },
      "107": { "start": { "line": 108, "column": 0 }, "end": { "line": 108, "column": 57 } },
      "109": { "start": { "line": 110, "column": 0 }, "end": { "line": 110, "column": 51 } },
      "110": { "start": { "line": 111, "column": 0 }, "end": { "line": 111, "column": 41 } },
      "112": { "start": { "line": 113, "column": 0 }, "end": { "line": 113, "column": 58 } },
      "113": { "start": { "line": 114, "column": 0 }, "end": { "line": 114, "column": 40 } },
      "116": { "start": { "line": 117, "column": 0 }, "end": { "line": 117, "column": 43 } },
      "117": { "start": { "line": 118, "column": 0 }, "end": { "line": 118, "column": 40 } },
      "118": { "start": { "line": 119, "column": 0 }, "end": { "line": 119, "column": 11 } },
      "121": { "start": { "line": 122, "column": 0 }, "end": { "line": 122, "column": 74 } },
      "122": { "start": { "line": 123, "column": 0 }, "end": { "line": 123, "column": 68 } },
      "123": { "start": { "line": 124, "column": 0 }, "end": { "line": 124, "column": 66 } },
      "124": { "start": { "line": 125, "column": 0 }, "end": { "line": 125, "column": 48 } },
      "125": { "start": { "line": 126, "column": 0 }, "end": { "line": 126, "column": 24 } },
      "128": { "start": { "line": 129, "column": 0 }, "end": { "line": 129, "column": 64 } },
      "129": { "start": { "line": 130, "column": 0 }, "end": { "line": 130, "column": 62 } },
      "130": { "start": { "line": 131, "column": 0 }, "end": { "line": 131, "column": 25 } },
      "131": { "start": { "line": 132, "column": 0 }, "end": { "line": 132, "column": 25 } },
      "134": { "start": { "line": 135, "column": 0 }, "end": { "line": 135, "column": 119 } },
      "135": { "start": { "line": 136, "column": 0 }, "end": { "line": 136, "column": 48 } },
      "136": { "start": { "line": 137, "column": 0 }, "end": { "line": 137, "column": 40 } },
      "138": { "start": { "line": 139, "column": 0 }, "end": { "line": 139, "column": 27 } },
      "139": { "start": { "line": 140, "column": 0 }, "end": { "line": 140, "column": 87 } },
      "140": { "start": { "line": 141, "column": 0 }, "end": { "line": 141, "column": 9 } },
      "141": { "start": { "line": 142, "column": 0 }, "end": { "line": 142, "column": 28 } },
      "142": { "start": { "line": 143, "column": 0 }, "end": { "line": 143, "column": 78 } },
      "143": { "start": { "line": 144, "column": 0 }, "end": { "line": 144, "column": 9 } },
      "145": { "start": { "line": 146, "column": 0 }, "end": { "line": 146, "column": 43 } },
      "146": { "start": { "line": 147, "column": 0 }, "end": { "line": 147, "column": 38 } },
      "147": { "start": { "line": 148, "column": 0 }, "end": { "line": 148, "column": 30 } },
      "148": { "start": { "line": 149, "column": 0 }, "end": { "line": 149, "column": 32 } },
      "149": { "start": { "line": 150, "column": 0 }, "end": { "line": 150, "column": 50 } },
      "150": { "start": { "line": 151, "column": 0 }, "end": { "line": 151, "column": 10 } },
      "152": { "start": { "line": 153, "column": 0 }, "end": { "line": 153, "column": 80 } },
      "153": { "start": { "line": 154, "column": 0 }, "end": { "line": 154, "column": 88 } },
      "154": { "start": { "line": 155, "column": 0 }, "end": { "line": 155, "column": 11 } },
      "157": { "start": { "line": 158, "column": 0 }, "end": { "line": 158, "column": 62 } },
      "158": { "start": { "line": 159, "column": 0 }, "end": { "line": 159, "column": 75 } },
      "159": { "start": { "line": 160, "column": 0 }, "end": { "line": 160, "column": 26 } },
      "160": { "start": { "line": 161, "column": 0 }, "end": { "line": 161, "column": 78 } },
      "161": { "start": { "line": 162, "column": 0 }, "end": { "line": 162, "column": 29 } },
      "162": { "start": { "line": 163, "column": 0 }, "end": { "line": 163, "column": 9 } },
      "163": { "start": { "line": 164, "column": 0 }, "end": { "line": 164, "column": 45 } },
      "166": { "start": { "line": 167, "column": 0 }, "end": { "line": 167, "column": 69 } },
      "167": { "start": { "line": 168, "column": 0 }, "end": { "line": 168, "column": 67 } },
      "168": { "start": { "line": 169, "column": 0 }, "end": { "line": 169, "column": 11 } },
      "171": { "start": { "line": 172, "column": 0 }, "end": { "line": 172, "column": 66 } },
      "172": { "start": { "line": 173, "column": 0 }, "end": { "line": 173, "column": 41 } },
      "173": { "start": { "line": 174, "column": 0 }, "end": { "line": 174, "column": 28 } },
      "175": { "start": { "line": 176, "column": 0 }, "end": { "line": 176, "column": 44 } },
      "176": { "start": { "line": 177, "column": 0 }, "end": { "line": 177, "column": 40 } },
      "177": { "start": { "line": 178, "column": 0 }, "end": { "line": 178, "column": 42 } },
      "179": { "start": { "line": 180, "column": 0 }, "end": { "line": 180, "column": 95 } },
      "180": { "start": { "line": 181, "column": 0 }, "end": { "line": 181, "column": 91 } },
      "182": { "start": { "line": 183, "column": 0 }, "end": { "line": 183, "column": 54 } },
      "183": { "start": { "line": 184, "column": 0 }, "end": { "line": 184, "column": 26 } },
      "184": { "start": { "line": 185, "column": 0 }, "end": { "line": 185, "column": 27 } },
      "185": { "start": { "line": 186, "column": 0 }, "end": { "line": 186, "column": 75 } },
      "186": { "start": { "line": 187, "column": 0 }, "end": { "line": 187, "column": 14 } },
      "187": { "start": { "line": 188, "column": 0 }, "end": { "line": 188, "column": 11 } },
      "190": { "start": { "line": 191, "column": 0 }, "end": { "line": 191, "column": 12 } },
      "191": { "start": { "line": 192, "column": 0 }, "end": { "line": 192, "column": 33 } },
      "192": { "start": { "line": 193, "column": 0 }, "end": { "line": 193, "column": 20 } },
      "193": { "start": { "line": 194, "column": 0 }, "end": { "line": 194, "column": 39 } },
      "194": { "start": { "line": 195, "column": 0 }, "end": { "line": 195, "column": 35 } },
      "195": { "start": { "line": 196, "column": 0 }, "end": { "line": 196, "column": 41 } },
      "196": { "start": { "line": 197, "column": 0 }, "end": { "line": 197, "column": 41 } },
      "197": { "start": { "line": 198, "column": 0 }, "end": { "line": 198, "column": 18 } },
      "198": { "start": { "line": 199, "column": 0 }, "end": { "line": 199, "column": 23 } },
      "199": { "start": { "line": 200, "column": 0 }, "end": { "line": 200, "column": 20 } },
      "200": { "start": { "line": 201, "column": 0 }, "end": { "line": 201, "column": 36 } },
      "201": { "start": { "line": 202, "column": 0 }, "end": { "line": 202, "column": 28 } },
      "202": { "start": { "line": 203, "column": 0 }, "end": { "line": 203, "column": 24 } },
      "203": { "start": { "line": 204, "column": 0 }, "end": { "line": 204, "column": 24 } },
      "204": { "start": { "line": 205, "column": 0 }, "end": { "line": 205, "column": 31 } },
      "205": { "start": { "line": 206, "column": 0 }, "end": { "line": 206, "column": 31 } },
      "206": { "start": { "line": 207, "column": 0 }, "end": { "line": 207, "column": 27 } },
      "207": { "start": { "line": 208, "column": 0 }, "end": { "line": 208, "column": 6 } },
      "208": { "start": { "line": 209, "column": 0 }, "end": { "line": 209, "column": 2 } }
    },
    "s": {
      "0": 1,
      "8": 1,
      "11": 1,
      "12": 1,
      "33": 1,
      "34": 13,
      "37": 13,
      "39": 13,
      "41": 10,
      "42": 2,
      "43": 2,
      "44": 2,
      "45": 0,
      "46": 0,
      "47": 2,
      "48": 13,
      "50": 13,
      "52": 10,
      "53": 2,
      "54": 2,
      "55": 2,
      "56": 0,
      "57": 0,
      "58": 2,
      "59": 13,
      "62": 13,
      "63": 3,
      "64": 13,
      "66": 13,
      "67": 0,
      "68": 0,
      "70": 0,
      "71": 0,
      "72": 0,
      "73": 0,
      "74": 0,
      "75": 0,
      "76": 0,
      "77": 0,
      "78": 13,
      "81": 13,
      "82": 0,
      "83": 0,
      "85": 0,
      "86": 0,
      "87": 0,
      "88": 0,
      "89": 0,
      "90": 0,
      "91": 0,
      "92": 0,
      "93": 0,
      "94": 0,
      "95": 0,
      "96": 0,
      "97": 13,
      "100": 13,
      "101": 2,
      "102": 2,
      "103": 2,
      "104": 2,
      "105": 2,
      "107": 0,
      "109": 0,
      "110": 0,
      "112": 0,
      "113": 13,
      "116": 13,
      "117": 0,
      "118": 13,
      "121": 13,
      "122": 0,
      "123": 0,
      "124": 0,
      "125": 13,
      "128": 13,
      "129": 0,
      "130": 0,
      "131": 13,
      "134": 13,
      "135": 2,
      "136": 2,
      "138": 2,
      "139": 1,
      "140": 1,
      "141": 1,
      "142": 1,
      "143": 1,
      "145": 0,
      "146": 0,
      "147": 0,
      "148": 0,
      "149": 0,
      "150": 0,
      "152": 0,
      "153": 0,
      "154": 13,
      "157": 13,
      "158": 1,
      "159": 1,
      "160": 0,
      "161": 0,
      "162": 0,
      "163": 13,
      "166": 13,
      "167": 0,
      "168": 13,
      "171": 13,
      "172": 1,
      "173": 1,
      "175": 0,
      "176": 0,
      "177": 0,
      "179": 0,
      "180": 0,
      "182": 0,
      "183": 0,
      "184": 0,
      "185": 0,
      "186": 0,
      "187": 13,
      "190": 13,
      "191": 13,
      "192": 13,
      "193": 13,
      "194": 13,
      "195": 13,
      "196": 13,
      "197": 13,
      "198": 13,
      "199": 13,
      "200": 13,
      "201": 13,
      "202": 13,
      "203": 13,
      "204": 13,
      "205": 13,
      "206": 13,
      "207": 13,
      "208": 13
    },
    "branchMap": {
      "0": {
        "type": "branch",
        "line": 34,
        "loc": { "start": { "line": 34, "column": 31 }, "end": { "line": 209, "column": 2 } },
        "locations": [
          { "start": { "line": 34, "column": 31 }, "end": { "line": 209, "column": 2 } }
        ]
      },
      "1": {
        "type": "branch",
        "line": 40,
        "loc": { "start": { "line": 40, "column": 14 }, "end": { "line": 49, "column": 7 } },
        "locations": [{ "start": { "line": 40, "column": 14 }, "end": { "line": 49, "column": 7 } }]
      },
      "2": {
        "type": "branch",
        "line": 42,
        "loc": { "start": { "line": 42, "column": 40 }, "end": { "line": 42, "column": 109 } },
        "locations": [
          { "start": { "line": 42, "column": 40 }, "end": { "line": 42, "column": 109 } }
        ]
      },
      "3": {
        "type": "branch",
        "line": 42,
        "loc": { "start": { "line": 42, "column": 109 }, "end": { "line": 48, "column": 9 } },
        "locations": [
          { "start": { "line": 42, "column": 109 }, "end": { "line": 48, "column": 9 } }
        ]
      },
      "4": {
        "type": "branch",
        "line": 45,
        "loc": { "start": { "line": 45, "column": 12 }, "end": { "line": 47, "column": 13 } },
        "locations": [
          { "start": { "line": 45, "column": 12 }, "end": { "line": 47, "column": 13 } }
        ]
      },
      "5": {
        "type": "branch",
        "line": 51,
        "loc": { "start": { "line": 51, "column": 14 }, "end": { "line": 60, "column": 7 } },
        "locations": [{ "start": { "line": 51, "column": 14 }, "end": { "line": 60, "column": 7 } }]
      },
      "6": {
        "type": "branch",
        "line": 53,
        "loc": { "start": { "line": 53, "column": 40 }, "end": { "line": 53, "column": 109 } },
        "locations": [
          { "start": { "line": 53, "column": 40 }, "end": { "line": 53, "column": 109 } }
        ]
      },
      "7": {
        "type": "branch",
        "line": 53,
        "loc": { "start": { "line": 53, "column": 109 }, "end": { "line": 59, "column": 9 } },
        "locations": [
          { "start": { "line": 53, "column": 109 }, "end": { "line": 59, "column": 9 } }
        ]
      },
      "8": {
        "type": "branch",
        "line": 56,
        "loc": { "start": { "line": 56, "column": 12 }, "end": { "line": 58, "column": 13 } },
        "locations": [
          { "start": { "line": 56, "column": 12 }, "end": { "line": 58, "column": 13 } }
        ]
      },
      "9": {
        "type": "branch",
        "line": 63,
        "loc": { "start": { "line": 63, "column": 36 }, "end": { "line": 65, "column": 7 } },
        "locations": [{ "start": { "line": 63, "column": 36 }, "end": { "line": 65, "column": 7 } }]
      },
      "10": {
        "type": "branch",
        "line": 101,
        "loc": { "start": { "line": 101, "column": 39 }, "end": { "line": 114, "column": 7 } },
        "locations": [
          { "start": { "line": 101, "column": 39 }, "end": { "line": 114, "column": 7 } }
        ]
      },
      "11": {
        "type": "branch",
        "line": 106,
        "loc": { "start": { "line": 106, "column": 8 }, "end": { "line": 113, "column": 58 } },
        "locations": [
          { "start": { "line": 106, "column": 8 }, "end": { "line": 113, "column": 58 } }
        ]
      },
      "12": {
        "type": "branch",
        "line": 135,
        "loc": { "start": { "line": 135, "column": 40 }, "end": { "line": 155, "column": 7 } },
        "locations": [
          { "start": { "line": 135, "column": 40 }, "end": { "line": 155, "column": 7 } }
        ]
      },
      "13": {
        "type": "branch",
        "line": 139,
        "loc": { "start": { "line": 139, "column": 26 }, "end": { "line": 144, "column": 9 } },
        "locations": [
          { "start": { "line": 139, "column": 26 }, "end": { "line": 144, "column": 9 } }
        ]
      },
      "14": {
        "type": "branch",
        "line": 144,
        "loc": { "start": { "line": 144, "column": 8 }, "end": { "line": 154, "column": 88 } },
        "locations": [
          { "start": { "line": 144, "column": 8 }, "end": { "line": 154, "column": 88 } }
        ]
      },
      "15": {
        "type": "branch",
        "line": 158,
        "loc": { "start": { "line": 158, "column": 40 }, "end": { "line": 164, "column": 7 } },
        "locations": [
          { "start": { "line": 158, "column": 40 }, "end": { "line": 164, "column": 7 } }
        ]
      },
      "16": {
        "type": "branch",
        "line": 160,
        "loc": { "start": { "line": 160, "column": 25 }, "end": { "line": 163, "column": 9 } },
        "locations": [
          { "start": { "line": 160, "column": 25 }, "end": { "line": 163, "column": 9 } }
        ]
      },
      "17": {
        "type": "branch",
        "line": 172,
        "loc": { "start": { "line": 172, "column": 47 }, "end": { "line": 188, "column": 7 } },
        "locations": [
          { "start": { "line": 172, "column": 47 }, "end": { "line": 188, "column": 7 } }
        ]
      },
      "18": {
        "type": "branch",
        "line": 174,
        "loc": { "start": { "line": 174, "column": 21 }, "end": { "line": 187, "column": 14 } },
        "locations": [
          { "start": { "line": 174, "column": 21 }, "end": { "line": 187, "column": 14 } }
        ]
      }
    },
    "b": {
      "0": [13],
      "1": [10],
      "2": [9],
      "3": [2],
      "4": [0],
      "5": [10],
      "6": [9],
      "7": [2],
      "8": [0],
      "9": [3],
      "10": [2],
      "11": [0],
      "12": [2],
      "13": [1],
      "14": [0],
      "15": [1],
      "16": [0],
      "17": [1],
      "18": [0]
    },
    "fnMap": {
      "0": {
        "name": "useQueryManager",
        "decl": { "start": { "line": 34, "column": 31 }, "end": { "line": 209, "column": 2 } },
        "loc": { "start": { "line": 34, "column": 31 }, "end": { "line": 209, "column": 2 } },
        "line": 34
      }
    },
    "f": { "0": 13 }
  }
}
